<?xml version="1.0" encoding="UTF-8"?>
<!-- Generated by org.testng.reporters.JUnitReportReporter -->
<testsuite hostname="IBSNOINB10241" failures="0" tests="2" name="First" time="0.010" errors="0" timestamp="2021-08-05T10:38:47 IST" skipped="0">
  <testcase classname="First" name="second" time="0.002"/>
  <system-out/>
  <testcase classname="First" name="one" time="0.008"/>
  <system-out/>
</testsuite> <!-- First -->
