<?xml version="1.0" encoding="UTF-8"?>
<!-- Generated by org.testng.reporters.JUnitReportReporter -->
<testsuite hostname="IBSNOINB10241" failures="0" tests="1" name="First" time="0.008" errors="0" timestamp="2021-08-05T09:55:50 IST" skipped="0">
  <testcase classname="First" name="one" time="0.008"/>
  <system-out/>
</testsuite> <!-- First -->
